<?xml version="1.0" encoding="UTF-8"?>
<testsuite xmlns:xsi="http://www.w3.org/2001/XMLSchema-instance" xsi:noNamespaceSchemaLocation="https://maven.apache.org/surefire/maven-surefire-plugin/xsd/surefire-test-report-3.0.xsd" version="3.0" name="com.tienda.TiendaApplicationTests" time="8.426" tests="1" errors="0" skipped="0" failures="0">
  <properties>
[...]
</properties>
  <testcase name="contextLoads" classname="com.tienda.TiendaApplicationTests" time="0.811">
    <system-out><![CDATA[08:58:43.098 [main] INFO org.springframework.test.context.support.AnnotationConfigContextLoaderUtils -- Could not detect default configuration classes for test class [com.tienda.TiendaApplicationTests]: TiendaApplicationTests does not declare any static, non-private, non-final, nested classes annotated with @Configuration.
08:58:43.275 [main] INFO org.springframework.boot.test.context.SpringBootTestContextBootstrapper -- Found @SpringBootConfiguration com.tienda.TiendaApplication for test class com.tienda.TiendaApplicationTests
08:58  INFO 27844 --- [           main] com.tienda.TiendaApplicationTests        : Starting TiendaApplicationTests using Java 19.0.2 with PID 27844 (started by perezer in C:\Users\perezer\Downloads\Tienda_l (2)\Tienda_l\Tienda_l)
08:58  INFO 27844 --- [           main] com.tienda.TiendaApplicationTests        : No active profile set, falling back to 1 default profile: "default"
08:58  INFO 27844 --- [           main] .s.d.r.c.RepositoryConfigurationDelegate : Bootstrapping Spring Data JPA repositories in DEFAULT mode.
08:58  INFO 27844 --- [           main] .s.d.r.c.RepositoryConfigurationDelegate : Finished Spring Data repository scanning in 66 ms. Found 1 JPA repository interfaces.
08:58  INFO 27844 --- [           main] com.zaxxer.hikari.HikariDataSource       : HikariPool-1 - Starting...
08:58  INFO 27844 --- [           main] com.zaxxer.hikari.pool.HikariPool        : HikariPool-1 - Added connection com.mysql.cj.jdbc.ConnectionImpl@7f2c57fe
08:58  INFO 27844 --- [           main] com.zaxxer.hikari.HikariDataSource       : HikariPool-1 - Start completed.
08:58  INFO 27844 --- [           main] o.hibernate.jpa.internal.util.LogHelper  : HHH000204: Processing PersistenceUnitInfo [name: default]
08:58  INFO 27844 --- [           main] org.hibernate.Version                    : HHH000412: Hibernate ORM core version 6.2.7.Final
08:58  INFO 27844 --- [           main] org.hibernate.cfg.Environment            : HHH000406: Using bytecode reflection optimizer
08:58  INFO 27844 --- [           main] o.h.b.i.BytecodeProviderInitiator        : HHH000021: Bytecode provider name : bytebuddy
08:58  INFO 27844 --- [           main] o.s.o.j.p.SpringPersistenceUnitInfo      : No LoadTimeWeaver setup: ignoring JPA class transformer
08:58  INFO 27844 --- [           main] o.h.b.i.BytecodeProviderInitiator        : HHH000021: Bytecode provider name : bytebuddy
08:58  INFO 27844 --- [           main] o.h.e.t.j.p.i.JtaPlatformInitiator       : HHH000490: Using JtaPlatform implementation: [org.hibernate.engine.transaction.jta.platform.internal.NoJtaPlatform]
08:58  INFO 27844 --- [           main] j.LocalContainerEntityManagerFactoryBean : Initialized JPA EntityManagerFactory for persistence unit 'default'
08:58  WARN 27844 --- [           main] JpaBaseConfiguration$JpaWebConfiguration : spring.jpa.open-in-view is enabled by default. Therefore, database queries may be performed during view rendering. Explicitly configure spring.jpa.open-in-view to disable this warning
08:58  INFO 27844 --- [           main] o.s.b.a.w.s.WelcomePageHandlerMapping    : Adding welcome page template: index
08:58  INFO 27844 --- [           main] com.tienda.TiendaApplicationTests        : Started TiendaApplicationTests in 6.963 seconds (process running for 8.386)
]]></system-out>
  </testcase>
</testsuite>